ARM GAS  C:\Users\hp\AppData\Local\Temp\ccQRZ1N4.s 			page 1


   1              		.syntax unified
   2              		.cpu cortex-m3
   3              		.fpu softvfp
   4              		.eabi_attribute 20, 1
   5              		.eabi_attribute 21, 1
   6              		.eabi_attribute 23, 3
   7              		.eabi_attribute 24, 1
   8              		.eabi_attribute 25, 1
   9              		.eabi_attribute 26, 1
  10              		.eabi_attribute 30, 1
  11              		.eabi_attribute 34, 1
  12              		.eabi_attribute 18, 4
  13              		.thumb
  14              		.syntax unified
  15              		.file	"cymetadata.c"
  16              		.text
  17              	.Ltext0:
  18              		.cfi_sections	.debug_frame
  19              		.global	cy_metadata
  20              		.global	cy_meta_flashprotect
  21              		.global	cy_meta_wonvl
  22              		.global	cy_meta_custnvl
  23              		.global	cy_meta_configecc
  24              		.section	.cyconfigecc,"a",%progbits
  25              		.align	2
  26              		.type	cy_meta_configecc, %object
  27              		.size	cy_meta_configecc, 1084
  28              	cy_meta_configecc:
  29 0000 03       		.byte	3
  30 0001 65       		.byte	101
  31 0002 00       		.byte	0
  32 0003 40       		.byte	64
  33 0004 61       		.byte	97
  34 0005 08       		.byte	8
  35 0006 01       		.byte	1
  36 0007 40       		.byte	64
  37 0008 34       		.byte	52
  38 0009 09       		.byte	9
  39 000a 01       		.byte	1
  40 000b 40       		.byte	64
  41 000c 02       		.byte	2
  42 000d 15       		.byte	21
  43 000e 01       		.byte	1
  44 000f 40       		.byte	64
  45 0010 04       		.byte	4
  46 0011 16       		.byte	22
  47 0012 01       		.byte	1
  48 0013 40       		.byte	64
  49 0014 01       		.byte	1
  50 0015 17       		.byte	23
  51 0016 01       		.byte	1
  52 0017 40       		.byte	64
  53 0018 3E       		.byte	62
  54 0019 18       		.byte	24
  55 001a 01       		.byte	1
  56 001b 40       		.byte	64
  57 001c 39       		.byte	57
ARM GAS  C:\Users\hp\AppData\Local\Temp\ccQRZ1N4.s 			page 2


  58 001d 19       		.byte	25
  59 001e 01       		.byte	1
  60 001f 40       		.byte	64
  61 0020 13       		.byte	19
  62 0021 1A       		.byte	26
  63 0022 01       		.byte	1
  64 0023 40       		.byte	64
  65 0024 47       		.byte	71
  66 0025 1B       		.byte	27
  67 0026 01       		.byte	1
  68 0027 40       		.byte	64
  69 0028 02       		.byte	2
  70 0029 40       		.byte	64
  71 002a 01       		.byte	1
  72 002b 40       		.byte	64
  73 002c 01       		.byte	1
  74 002d 41       		.byte	65
  75 002e 01       		.byte	1
  76 002f 40       		.byte	64
  77 0030 01       		.byte	1
  78 0031 42       		.byte	66
  79 0032 01       		.byte	1
  80 0033 40       		.byte	64
  81 0034 01       		.byte	1
  82 0035 43       		.byte	67
  83 0036 01       		.byte	1
  84 0037 40       		.byte	64
  85 0038 02       		.byte	2
  86 0039 44       		.byte	68
  87 003a 01       		.byte	1
  88 003b 40       		.byte	64
  89 003c 01       		.byte	1
  90 003d 45       		.byte	69
  91 003e 01       		.byte	1
  92 003f 40       		.byte	64
  93 0040 03       		.byte	3
  94 0041 46       		.byte	70
  95 0042 01       		.byte	1
  96 0043 40       		.byte	64
  97 0044 03       		.byte	3
  98 0045 47       		.byte	71
  99 0046 01       		.byte	1
 100 0047 40       		.byte	64
 101 0048 04       		.byte	4
 102 0049 48       		.byte	72
 103 004a 01       		.byte	1
 104 004b 40       		.byte	64
 105 004c 01       		.byte	1
 106 004d 49       		.byte	73
 107 004e 01       		.byte	1
 108 004f 40       		.byte	64
 109 0050 03       		.byte	3
 110 0051 4C       		.byte	76
 111 0052 01       		.byte	1
 112 0053 40       		.byte	64
 113 0054 0A       		.byte	10
 114 0055 4D       		.byte	77
ARM GAS  C:\Users\hp\AppData\Local\Temp\ccQRZ1N4.s 			page 3


 115 0056 01       		.byte	1
 116 0057 40       		.byte	64
 117 0058 08       		.byte	8
 118 0059 50       		.byte	80
 119 005a 01       		.byte	1
 120 005b 40       		.byte	64
 121 005c 01       		.byte	1
 122 005d 51       		.byte	81
 123 005e 01       		.byte	1
 124 005f 40       		.byte	64
 125 0060 88       		.byte	-120
 126 0061 72       		.byte	114
 127 0062 8A       		.byte	-118
 128 0063 38       		.byte	56
 129 0064 8B       		.byte	-117
 130 0065 0F       		.byte	15
 131 0066 00       		.byte	0
 132 0067 02       		.byte	2
 133 0068 04       		.byte	4
 134 0069 01       		.byte	1
 135 006a 05       		.byte	5
 136 006b 06       		.byte	6
 137 006c 07       		.byte	7
 138 006d 08       		.byte	8
 139 006e 08       		.byte	8
 140 006f 0C       		.byte	12
 141 0070 09       		.byte	9
 142 0071 06       		.byte	6
 143 0072 0B       		.byte	11
 144 0073 08       		.byte	8
 145 0074 0C       		.byte	12
 146 0075 04       		.byte	4
 147 0076 0D       		.byte	13
 148 0077 06       		.byte	6
 149 0078 0E       		.byte	14
 150 0079 08       		.byte	8
 151 007a 0F       		.byte	15
 152 007b 18       		.byte	24
 153 007c 10       		.byte	16
 154 007d 01       		.byte	1
 155 007e 14       		.byte	20
 156 007f 08       		.byte	8
 157 0080 15       		.byte	21
 158 0081 14       		.byte	20
 159 0082 16       		.byte	22
 160 0083 04       		.byte	4
 161 0084 17       		.byte	23
 162 0085 08       		.byte	8
 163 0086 1A       		.byte	26
 164 0087 01       		.byte	1
 165 0088 1B       		.byte	27
 166 0089 10       		.byte	16
 167 008a 1F       		.byte	31
 168 008b 0A       		.byte	10
 169 008c 25       		.byte	37
 170 008d 01       		.byte	1
 171 008e 28       		.byte	40
ARM GAS  C:\Users\hp\AppData\Local\Temp\ccQRZ1N4.s 			page 4


 172 008f 0C       		.byte	12
 173 0090 29       		.byte	41
 174 0091 01       		.byte	1
 175 0092 2D       		.byte	45
 176 0093 01       		.byte	1
 177 0094 32       		.byte	50
 178 0095 0C       		.byte	12
 179 0096 33       		.byte	51
 180 0097 1E       		.byte	30
 181 0098 34       		.byte	52
 182 0099 03       		.byte	3
 183 009a 35       		.byte	53
 184 009b 01       		.byte	1
 185 009c 38       		.byte	56
 186 009d 20       		.byte	32
 187 009e 3B       		.byte	59
 188 009f 08       		.byte	8
 189 00a0 40       		.byte	64
 190 00a1 24       		.byte	36
 191 00a2 41       		.byte	65
 192 00a3 03       		.byte	3
 193 00a4 45       		.byte	69
 194 00a5 0C       		.byte	12
 195 00a6 46       		.byte	70
 196 00a7 BE       		.byte	-66
 197 00a8 48       		.byte	72
 198 00a9 0D       		.byte	13
 199 00aa 49       		.byte	73
 200 00ab FF       		.byte	-1
 201 00ac 4A       		.byte	74
 202 00ad FF       		.byte	-1
 203 00ae 4B       		.byte	75
 204 00af FF       		.byte	-1
 205 00b0 4E       		.byte	78
 206 00b1 F0       		.byte	-16
 207 00b2 4F       		.byte	79
 208 00b3 44       		.byte	68
 209 00b4 50       		.byte	80
 210 00b5 0C       		.byte	12
 211 00b6 58       		.byte	88
 212 00b7 04       		.byte	4
 213 00b8 59       		.byte	89
 214 00b9 04       		.byte	4
 215 00ba 5A       		.byte	90
 216 00bb 04       		.byte	4
 217 00bc 5C       		.byte	92
 218 00bd 11       		.byte	17
 219 00be 5D       		.byte	93
 220 00bf 01       		.byte	1
 221 00c0 5F       		.byte	95
 222 00c1 01       		.byte	1
 223 00c2 66       		.byte	102
 224 00c3 C0       		.byte	-64
 225 00c4 6A       		.byte	106
 226 00c5 40       		.byte	64
 227 00c6 6B       		.byte	107
 228 00c7 02       		.byte	2
ARM GAS  C:\Users\hp\AppData\Local\Temp\ccQRZ1N4.s 			page 5


 229 00c8 84       		.byte	-124
 230 00c9 10       		.byte	16
 231 00ca 85       		.byte	-123
 232 00cb 2C       		.byte	44
 233 00cc 86       		.byte	-122
 234 00cd 0C       		.byte	12
 235 00ce 87       		.byte	-121
 236 00cf 03       		.byte	3
 237 00d0 89       		.byte	-119
 238 00d1 40       		.byte	64
 239 00d2 8A       		.byte	-118
 240 00d3 03       		.byte	3
 241 00d4 8F       		.byte	-113
 242 00d5 13       		.byte	19
 243 00d6 90       		.byte	-112
 244 00d7 10       		.byte	16
 245 00d8 94       		.byte	-108
 246 00d9 0C       		.byte	12
 247 00da 95       		.byte	-107
 248 00db 31       		.byte	49
 249 00dc 96       		.byte	-106
 250 00dd 11       		.byte	17
 251 00de 97       		.byte	-105
 252 00df 0E       		.byte	14
 253 00e0 98       		.byte	-104
 254 00e1 1C       		.byte	28
 255 00e2 99       		.byte	-103
 256 00e3 31       		.byte	49
 257 00e4 9A       		.byte	-102
 258 00e5 02       		.byte	2
 259 00e6 9B       		.byte	-101
 260 00e7 06       		.byte	6
 261 00e8 A4       		.byte	-92
 262 00e9 14       		.byte	20
 263 00ea A7       		.byte	-89
 264 00eb 08       		.byte	8
 265 00ec A8       		.byte	-88
 266 00ed 09       		.byte	9
 267 00ee AA       		.byte	-86
 268 00ef 10       		.byte	16
 269 00f0 AB       		.byte	-85
 270 00f1 0C       		.byte	12
 271 00f2 B1       		.byte	-79
 272 00f3 40       		.byte	64
 273 00f4 B2       		.byte	-78
 274 00f5 1F       		.byte	31
 275 00f6 B3       		.byte	-77
 276 00f7 30       		.byte	48
 277 00f8 B5       		.byte	-75
 278 00f9 0F       		.byte	15
 279 00fa B9       		.byte	-71
 280 00fb 08       		.byte	8
 281 00fc BB       		.byte	-69
 282 00fd 20       		.byte	32
 283 00fe BF       		.byte	-65
 284 00ff 05       		.byte	5
 285 0100 C0       		.byte	-64
ARM GAS  C:\Users\hp\AppData\Local\Temp\ccQRZ1N4.s 			page 6


 286 0101 06       		.byte	6
 287 0102 C7       		.byte	-57
 288 0103 04       		.byte	4
 289 0104 C9       		.byte	-55
 290 0105 FF       		.byte	-1
 291 0106 CA       		.byte	-54
 292 0107 07       		.byte	7
 293 0108 CB       		.byte	-53
 294 0109 FF       		.byte	-1
 295 010a CC       		.byte	-52
 296 010b 40       		.byte	64
 297 010c CD       		.byte	-51
 298 010d 20       		.byte	32
 299 010e CE       		.byte	-50
 300 010f F0       		.byte	-16
 301 0110 CF       		.byte	-49
 302 0111 05       		.byte	5
 303 0112 D0       		.byte	-48
 304 0113 08       		.byte	8
 305 0114 D8       		.byte	-40
 306 0115 04       		.byte	4
 307 0116 D9       		.byte	-39
 308 0117 04       		.byte	4
 309 0118 DA       		.byte	-38
 310 0119 04       		.byte	4
 311 011a DC       		.byte	-36
 312 011b 11       		.byte	17
 313 011c DD       		.byte	-35
 314 011d 01       		.byte	1
 315 011e DF       		.byte	-33
 316 011f 01       		.byte	1
 317 0120 E0       		.byte	-32
 318 0121 40       		.byte	64
 319 0122 E1       		.byte	-31
 320 0123 A8       		.byte	-88
 321 0124 E2       		.byte	-30
 322 0125 40       		.byte	64
 323 0126 E3       		.byte	-29
 324 0127 20       		.byte	32
 325 0128 00       		.byte	0
 326 0129 10       		.byte	16
 327 012a 03       		.byte	3
 328 012b 10       		.byte	16
 329 012c 04       		.byte	4
 330 012d 20       		.byte	32
 331 012e 06       		.byte	6
 332 012f 6A       		.byte	106
 333 0130 09       		.byte	9
 334 0131 29       		.byte	41
 335 0132 0D       		.byte	13
 336 0133 10       		.byte	16
 337 0134 0E       		.byte	14
 338 0135 50       		.byte	80
 339 0136 10       		.byte	16
 340 0137 24       		.byte	36
 341 0138 15       		.byte	21
 342 0139 10       		.byte	16
ARM GAS  C:\Users\hp\AppData\Local\Temp\ccQRZ1N4.s 			page 7


 343 013a 18       		.byte	24
 344 013b 10       		.byte	16
 345 013c 1D       		.byte	29
 346 013d 10       		.byte	16
 347 013e 1E       		.byte	30
 348 013f 10       		.byte	16
 349 0140 20       		.byte	32
 350 0141 04       		.byte	4
 351 0142 21       		.byte	33
 352 0143 30       		.byte	48
 353 0144 22       		.byte	34
 354 0145 08       		.byte	8
 355 0146 23       		.byte	35
 356 0147 48       		.byte	72
 357 0148 27       		.byte	39
 358 0149 14       		.byte	20
 359 014a 28       		.byte	40
 360 014b 04       		.byte	4
 361 014c 29       		.byte	41
 362 014d 10       		.byte	16
 363 014e 2A       		.byte	42
 364 014f 04       		.byte	4
 365 0150 2D       		.byte	45
 366 0151 10       		.byte	16
 367 0152 2E       		.byte	46
 368 0153 08       		.byte	8
 369 0154 2F       		.byte	47
 370 0155 0A       		.byte	10
 371 0156 31       		.byte	49
 372 0157 08       		.byte	8
 373 0158 33       		.byte	51
 374 0159 10       		.byte	16
 375 015a 35       		.byte	53
 376 015b 10       		.byte	16
 377 015c 36       		.byte	54
 378 015d 80       		.byte	-128
 379 015e 37       		.byte	55
 380 015f 08       		.byte	8
 381 0160 38       		.byte	56
 382 0161 94       		.byte	-108
 383 0162 3E       		.byte	62
 384 0163 60       		.byte	96
 385 0164 3F       		.byte	63
 386 0165 04       		.byte	4
 387 0166 45       		.byte	69
 388 0167 08       		.byte	8
 389 0168 46       		.byte	70
 390 0169 60       		.byte	96
 391 016a 47       		.byte	71
 392 016b 10       		.byte	16
 393 016c 4A       		.byte	74
 394 016d 08       		.byte	8
 395 016e 4F       		.byte	79
 396 016f 04       		.byte	4
 397 0170 50       		.byte	80
 398 0171 44       		.byte	68
 399 0172 52       		.byte	82
ARM GAS  C:\Users\hp\AppData\Local\Temp\ccQRZ1N4.s 			page 8


 400 0173 C4       		.byte	-60
 401 0174 54       		.byte	84
 402 0175 20       		.byte	32
 403 0176 55       		.byte	85
 404 0177 40       		.byte	64
 405 0178 87       		.byte	-121
 406 0179 40       		.byte	64
 407 017a 8C       		.byte	-116
 408 017b 04       		.byte	4
 409 017c 8D       		.byte	-115
 410 017d 01       		.byte	1
 411 017e C0       		.byte	-64
 412 017f F6       		.byte	-10
 413 0180 C2       		.byte	-62
 414 0181 7E       		.byte	126
 415 0182 C4       		.byte	-60
 416 0183 46       		.byte	70
 417 0184 CA       		.byte	-54
 418 0185 76       		.byte	118
 419 0186 CC       		.byte	-52
 420 0187 76       		.byte	118
 421 0188 CE       		.byte	-50
 422 0189 7E       		.byte	126
 423 018a D0       		.byte	-48
 424 018b E0       		.byte	-32
 425 018c D2       		.byte	-46
 426 018d 04       		.byte	4
 427 018e E4       		.byte	-28
 428 018f 02       		.byte	2
 429 0190 B5       		.byte	-75
 430 0191 01       		.byte	1
 431 0192 EC       		.byte	-20
 432 0193 10       		.byte	16
 433 0194 38       		.byte	56
 434 0195 02       		.byte	2
 435 0196 3E       		.byte	62
 436 0197 01       		.byte	1
 437 0198 58       		.byte	88
 438 0199 04       		.byte	4
 439 019a 5F       		.byte	95
 440 019b 01       		.byte	1
 441 019c 1D       		.byte	29
 442 019d 01       		.byte	1
 443 019e 02       		.byte	2
 444 019f 02       		.byte	2
 445 01a0 03       		.byte	3
 446 01a1 01       		.byte	1
 447 01a2 04       		.byte	4
 448 01a3 04       		.byte	4
 449 01a4 08       		.byte	8
 450 01a5 01       		.byte	1
 451 01a6 0C       		.byte	12
 452 01a7 01       		.byte	1
 453 01a8 0D       		.byte	13
 454 01a9 01       		.byte	1
 455 01aa 10       		.byte	16
 456 01ab 01       		.byte	1
ARM GAS  C:\Users\hp\AppData\Local\Temp\ccQRZ1N4.s 			page 9


 457 01ac 14       		.byte	20
 458 01ad 04       		.byte	4
 459 01ae 19       		.byte	25
 460 01af 01       		.byte	1
 461 01b0 1A       		.byte	26
 462 01b1 04       		.byte	4
 463 01b2 1C       		.byte	28
 464 01b3 01       		.byte	1
 465 01b4 1F       		.byte	31
 466 01b5 01       		.byte	1
 467 01b6 22       		.byte	34
 468 01b7 04       		.byte	4
 469 01b8 26       		.byte	38
 470 01b9 02       		.byte	2
 471 01ba 2A       		.byte	42
 472 01bb 04       		.byte	4
 473 01bc 30       		.byte	48
 474 01bd 04       		.byte	4
 475 01be 31       		.byte	49
 476 01bf 01       		.byte	1
 477 01c0 32       		.byte	50
 478 01c1 01       		.byte	1
 479 01c2 34       		.byte	52
 480 01c3 02       		.byte	2
 481 01c4 39       		.byte	57
 482 01c5 02       		.byte	2
 483 01c6 3E       		.byte	62
 484 01c7 15       		.byte	21
 485 01c8 56       		.byte	86
 486 01c9 02       		.byte	2
 487 01ca 57       		.byte	87
 488 01cb 11       		.byte	17
 489 01cc 58       		.byte	88
 490 01cd 04       		.byte	4
 491 01ce 59       		.byte	89
 492 01cf 04       		.byte	4
 493 01d0 5B       		.byte	91
 494 01d1 04       		.byte	4
 495 01d2 5C       		.byte	92
 496 01d3 10       		.byte	16
 497 01d4 5D       		.byte	93
 498 01d5 10       		.byte	16
 499 01d6 5F       		.byte	95
 500 01d7 01       		.byte	1
 501 01d8 80       		.byte	-128
 502 01d9 41       		.byte	65
 503 01da 82       		.byte	-126
 504 01db 80       		.byte	-128
 505 01dc 84       		.byte	-124
 506 01dd 03       		.byte	3
 507 01de 87       		.byte	-121
 508 01df 02       		.byte	2
 509 01e0 89       		.byte	-119
 510 01e1 06       		.byte	6
 511 01e2 8A       		.byte	-118
 512 01e3 33       		.byte	51
 513 01e4 8B       		.byte	-117
ARM GAS  C:\Users\hp\AppData\Local\Temp\ccQRZ1N4.s 			page 10


 514 01e5 01       		.byte	1
 515 01e6 8C       		.byte	-116
 516 01e7 4F       		.byte	79
 517 01e8 8E       		.byte	-114
 518 01e9 10       		.byte	16
 519 01ea 90       		.byte	-112
 520 01eb 4C       		.byte	76
 521 01ec 92       		.byte	-110
 522 01ed 23       		.byte	35
 523 01ee 94       		.byte	-108
 524 01ef 02       		.byte	2
 525 01f0 97       		.byte	-105
 526 01f1 03       		.byte	3
 527 01f2 98       		.byte	-104
 528 01f3 73       		.byte	115
 529 01f4 9A       		.byte	-102
 530 01f5 0C       		.byte	12
 531 01f6 9B       		.byte	-101
 532 01f7 05       		.byte	5
 533 01f8 9E       		.byte	-98
 534 01f9 40       		.byte	64
 535 01fa A0       		.byte	-96
 536 01fb 08       		.byte	8
 537 01fc A4       		.byte	-92
 538 01fd 04       		.byte	4
 539 01fe A8       		.byte	-88
 540 01ff 0C       		.byte	12
 541 0200 AB       		.byte	-85
 542 0201 06       		.byte	6
 543 0202 AC       		.byte	-84
 544 0203 7F       		.byte	127
 545 0204 AF       		.byte	-81
 546 0205 01       		.byte	1
 547 0206 B0       		.byte	-80
 548 0207 7C       		.byte	124
 549 0208 B3       		.byte	-77
 550 0209 07       		.byte	7
 551 020a B4       		.byte	-76
 552 020b 0F       		.byte	15
 553 020c B6       		.byte	-74
 554 020d 80       		.byte	-128
 555 020e BA       		.byte	-70
 556 020f 22       		.byte	34
 557 0210 BB       		.byte	-69
 558 0211 0A       		.byte	10
 559 0212 D8       		.byte	-40
 560 0213 04       		.byte	4
 561 0214 D9       		.byte	-39
 562 0215 04       		.byte	4
 563 0216 DC       		.byte	-36
 564 0217 11       		.byte	17
 565 0218 DF       		.byte	-33
 566 0219 01       		.byte	1
 567 021a 00       		.byte	0
 568 021b 02       		.byte	2
 569 021c 01       		.byte	1
 570 021d 08       		.byte	8
ARM GAS  C:\Users\hp\AppData\Local\Temp\ccQRZ1N4.s 			page 11


 571 021e 03       		.byte	3
 572 021f 05       		.byte	5
 573 0220 04       		.byte	4
 574 0221 80       		.byte	-128
 575 0222 05       		.byte	5
 576 0223 60       		.byte	96
 577 0224 07       		.byte	7
 578 0225 51       		.byte	81
 579 0226 0A       		.byte	10
 580 0227 96       		.byte	-106
 581 0228 0D       		.byte	13
 582 0229 08       		.byte	8
 583 022a 0F       		.byte	15
 584 022b 46       		.byte	70
 585 022c 10       		.byte	16
 586 022d A8       		.byte	-88
 587 022e 13       		.byte	19
 588 022f 40       		.byte	64
 589 0230 15       		.byte	21
 590 0231 24       		.byte	36
 591 0232 16       		.byte	22
 592 0233 40       		.byte	64
 593 0234 19       		.byte	25
 594 0235 20       		.byte	32
 595 0236 1A       		.byte	26
 596 0237 86       		.byte	-122
 597 0238 1B       		.byte	27
 598 0239 01       		.byte	1
 599 023a 1D       		.byte	29
 600 023b 20       		.byte	32
 601 023c 1E       		.byte	30
 602 023d 60       		.byte	96
 603 023e 21       		.byte	33
 604 023f 08       		.byte	8
 605 0240 23       		.byte	35
 606 0241 40       		.byte	64
 607 0242 27       		.byte	39
 608 0243 40       		.byte	64
 609 0244 29       		.byte	41
 610 0245 10       		.byte	16
 611 0246 2A       		.byte	42
 612 0247 40       		.byte	64
 613 0248 31       		.byte	49
 614 0249 08       		.byte	8
 615 024a 33       		.byte	51
 616 024b 10       		.byte	16
 617 024c 35       		.byte	53
 618 024d 60       		.byte	96
 619 024e 38       		.byte	56
 620 024f 08       		.byte	8
 621 0250 39       		.byte	57
 622 0251 20       		.byte	32
 623 0252 3F       		.byte	63
 624 0253 42       		.byte	66
 625 0254 5E       		.byte	94
 626 0255 20       		.byte	32
 627 0256 6C       		.byte	108
ARM GAS  C:\Users\hp\AppData\Local\Temp\ccQRZ1N4.s 			page 12


 628 0257 10       		.byte	16
 629 0258 6D       		.byte	109
 630 0259 10       		.byte	16
 631 025a 6E       		.byte	110
 632 025b 08       		.byte	8
 633 025c 6F       		.byte	111
 634 025d 0A       		.byte	10
 635 025e 74       		.byte	116
 636 025f A8       		.byte	-88
 637 0260 76       		.byte	118
 638 0261 09       		.byte	9
 639 0262 90       		.byte	-112
 640 0263 08       		.byte	8
 641 0264 91       		.byte	-111
 642 0265 20       		.byte	32
 643 0266 92       		.byte	-110
 644 0267 10       		.byte	16
 645 0268 93       		.byte	-109
 646 0269 04       		.byte	4
 647 026a 94       		.byte	-108
 648 026b 20       		.byte	32
 649 026c 99       		.byte	-103
 650 026d 10       		.byte	16
 651 026e 9A       		.byte	-102
 652 026f 40       		.byte	64
 653 0270 9B       		.byte	-101
 654 0271 14       		.byte	20
 655 0272 9E       		.byte	-98
 656 0273 02       		.byte	2
 657 0274 A1       		.byte	-95
 658 0275 40       		.byte	64
 659 0276 A5       		.byte	-91
 660 0277 08       		.byte	8
 661 0278 A7       		.byte	-89
 662 0279 0A       		.byte	10
 663 027a B6       		.byte	-74
 664 027b 40       		.byte	64
 665 027c B7       		.byte	-73
 666 027d 10       		.byte	16
 667 027e C0       		.byte	-64
 668 027f FF       		.byte	-1
 669 0280 C2       		.byte	-62
 670 0281 FF       		.byte	-1
 671 0282 C4       		.byte	-60
 672 0283 7F       		.byte	127
 673 0284 CA       		.byte	-54
 674 0285 0C       		.byte	12
 675 0286 CC       		.byte	-52
 676 0287 36       		.byte	54
 677 0288 CE       		.byte	-50
 678 0289 96       		.byte	-106
 679 028a D6       		.byte	-42
 680 028b 20       		.byte	32
 681 028c 0A       		.byte	10
 682 028d 01       		.byte	1
 683 028e 0C       		.byte	12
 684 028f 06       		.byte	6
ARM GAS  C:\Users\hp\AppData\Local\Temp\ccQRZ1N4.s 			page 13


 685 0290 0E       		.byte	14
 686 0291 01       		.byte	1
 687 0292 10       		.byte	16
 688 0293 07       		.byte	7
 689 0294 14       		.byte	20
 690 0295 01       		.byte	1
 691 0296 16       		.byte	22
 692 0297 06       		.byte	6
 693 0298 20       		.byte	32
 694 0299 06       		.byte	6
 695 029a 22       		.byte	34
 696 029b 01       		.byte	1
 697 029c 24       		.byte	36
 698 029d 02       		.byte	2
 699 029e 28       		.byte	40
 700 029f 06       		.byte	6
 701 02a0 2C       		.byte	44
 702 02a1 04       		.byte	4
 703 02a2 30       		.byte	48
 704 02a3 07       		.byte	7
 705 02a4 3A       		.byte	58
 706 02a5 02       		.byte	2
 707 02a6 54       		.byte	84
 708 02a7 18       		.byte	24
 709 02a8 58       		.byte	88
 710 02a9 04       		.byte	4
 711 02aa 5B       		.byte	91
 712 02ab 04       		.byte	4
 713 02ac 5C       		.byte	92
 714 02ad 01       		.byte	1
 715 02ae 5D       		.byte	93
 716 02af 10       		.byte	16
 717 02b0 5F       		.byte	95
 718 02b1 01       		.byte	1
 719 02b2 03       		.byte	3
 720 02b3 06       		.byte	6
 721 02b4 04       		.byte	4
 722 02b5 82       		.byte	-126
 723 02b6 05       		.byte	5
 724 02b7 2C       		.byte	44
 725 02b8 08       		.byte	8
 726 02b9 20       		.byte	32
 727 02ba 09       		.byte	9
 728 02bb 40       		.byte	64
 729 02bc 0B       		.byte	11
 730 02bd 55       		.byte	85
 731 02be 0C       		.byte	12
 732 02bf 80       		.byte	-128
 733 02c0 0D       		.byte	13
 734 02c1 02       		.byte	2
 735 02c2 0E       		.byte	14
 736 02c3 18       		.byte	24
 737 02c4 0F       		.byte	15
 738 02c5 02       		.byte	2
 739 02c6 10       		.byte	16
 740 02c7 A8       		.byte	-88
 741 02c8 12       		.byte	18
ARM GAS  C:\Users\hp\AppData\Local\Temp\ccQRZ1N4.s 			page 14


 742 02c9 03       		.byte	3
 743 02ca 15       		.byte	21
 744 02cb 11       		.byte	17
 745 02cc 16       		.byte	22
 746 02cd 02       		.byte	2
 747 02ce 17       		.byte	23
 748 02cf 04       		.byte	4
 749 02d0 18       		.byte	24
 750 02d1 80       		.byte	-128
 751 02d2 1B       		.byte	27
 752 02d3 02       		.byte	2
 753 02d4 1C       		.byte	28
 754 02d5 40       		.byte	64
 755 02d6 1D       		.byte	29
 756 02d7 84       		.byte	-124
 757 02d8 1E       		.byte	30
 758 02d9 04       		.byte	4
 759 02da 24       		.byte	36
 760 02db 04       		.byte	4
 761 02dc 25       		.byte	37
 762 02dd 02       		.byte	2
 763 02de 2C       		.byte	44
 764 02df 88       		.byte	-120
 765 02e0 2F       		.byte	47
 766 02e1 02       		.byte	2
 767 02e2 35       		.byte	53
 768 02e3 A0       		.byte	-96
 769 02e4 36       		.byte	54
 770 02e5 02       		.byte	2
 771 02e6 37       		.byte	55
 772 02e7 04       		.byte	4
 773 02e8 38       		.byte	56
 774 02e9 40       		.byte	64
 775 02ea 3A       		.byte	58
 776 02eb 40       		.byte	64
 777 02ec 3D       		.byte	61
 778 02ed 80       		.byte	-128
 779 02ee 3E       		.byte	62
 780 02ef 08       		.byte	8
 781 02f0 45       		.byte	69
 782 02f1 82       		.byte	-126
 783 02f2 47       		.byte	71
 784 02f3 04       		.byte	4
 785 02f4 4C       		.byte	76
 786 02f5 01       		.byte	1
 787 02f6 4D       		.byte	77
 788 02f7 A5       		.byte	-91
 789 02f8 4F       		.byte	79
 790 02f9 50       		.byte	80
 791 02fa 5B       		.byte	91
 792 02fb 01       		.byte	1
 793 02fc 5C       		.byte	92
 794 02fd 24       		.byte	36
 795 02fe 5E       		.byte	94
 796 02ff 40       		.byte	64
 797 0300 5F       		.byte	95
 798 0301 01       		.byte	1
ARM GAS  C:\Users\hp\AppData\Local\Temp\ccQRZ1N4.s 			page 15


 799 0302 61       		.byte	97
 800 0303 20       		.byte	32
 801 0304 62       		.byte	98
 802 0305 40       		.byte	64
 803 0306 88       		.byte	-120
 804 0307 01       		.byte	1
 805 0308 8A       		.byte	-118
 806 0309 06       		.byte	6
 807 030a 8B       		.byte	-117
 808 030b 01       		.byte	1
 809 030c 91       		.byte	-111
 810 030d 10       		.byte	16
 811 030e 92       		.byte	-110
 812 030f 50       		.byte	80
 813 0310 93       		.byte	-109
 814 0311 44       		.byte	68
 815 0312 94       		.byte	-108
 816 0313 80       		.byte	-128
 817 0314 95       		.byte	-107
 818 0315 04       		.byte	4
 819 0316 99       		.byte	-103
 820 0317 20       		.byte	32
 821 0318 9A       		.byte	-102
 822 0319 09       		.byte	9
 823 031a 9B       		.byte	-101
 824 031b 04       		.byte	4
 825 031c 9D       		.byte	-99
 826 031d 08       		.byte	8
 827 031e 9E       		.byte	-98
 828 031f 02       		.byte	2
 829 0320 A0       		.byte	-96
 830 0321 28       		.byte	40
 831 0322 A1       		.byte	-95
 832 0323 60       		.byte	96
 833 0324 A2       		.byte	-94
 834 0325 04       		.byte	4
 835 0326 A3       		.byte	-93
 836 0327 01       		.byte	1
 837 0328 A4       		.byte	-92
 838 0329 01       		.byte	1
 839 032a C0       		.byte	-64
 840 032b F3       		.byte	-13
 841 032c C2       		.byte	-62
 842 032d FC       		.byte	-4
 843 032e C4       		.byte	-60
 844 032f FF       		.byte	-1
 845 0330 CA       		.byte	-54
 846 0331 B0       		.byte	-80
 847 0332 CC       		.byte	-52
 848 0333 F0       		.byte	-16
 849 0334 CE       		.byte	-50
 850 0335 50       		.byte	80
 851 0336 D0       		.byte	-48
 852 0337 D0       		.byte	-48
 853 0338 D2       		.byte	-46
 854 0339 30       		.byte	48
 855 033a D6       		.byte	-42
ARM GAS  C:\Users\hp\AppData\Local\Temp\ccQRZ1N4.s 			page 16


 856 033b F1       		.byte	-15
 857 033c D8       		.byte	-40
 858 033d 0C       		.byte	12
 859 033e EC       		.byte	-20
 860 033f 50       		.byte	80
 861 0340 33       		.byte	51
 862 0341 40       		.byte	64
 863 0342 CC       		.byte	-52
 864 0343 10       		.byte	16
 865 0344 9F       		.byte	-97
 866 0345 40       		.byte	64
 867 0346 9F       		.byte	-97
 868 0347 40       		.byte	64
 869 0348 9F       		.byte	-97
 870 0349 40       		.byte	64
 871 034a 7C       		.byte	124
 872 034b 04       		.byte	4
 873 034c DE       		.byte	-34
 874 034d 01       		.byte	1
 875 034e 94       		.byte	-108
 876 034f 04       		.byte	4
 877 0350 45       		.byte	69
 878 0351 08       		.byte	8
 879 0352 94       		.byte	-108
 880 0353 04       		.byte	4
 881 0354 D0       		.byte	-48
 882 0355 01       		.byte	1
 883 0356 84       		.byte	-124
 884 0357 04       		.byte	4
 885 0358 94       		.byte	-108
 886 0359 04       		.byte	4
 887 035a A5       		.byte	-91
 888 035b 08       		.byte	8
 889 035c 25       		.byte	37
 890 035d 10       		.byte	16
 891 035e 27       		.byte	39
 892 035f 40       		.byte	64
 893 0360 9F       		.byte	-97
 894 0361 40       		.byte	64
 895 0362 C8       		.byte	-56
 896 0363 A0       		.byte	-96
 897 0364 B5       		.byte	-75
 898 0365 10       		.byte	16
 899 0366 94       		.byte	-108
 900 0367 04       		.byte	4
 901 0368 A0       		.byte	-96
 902 0369 04       		.byte	4
 903 036a A5       		.byte	-91
 904 036b 08       		.byte	8
 905 036c 10       		.byte	16
 906 036d 40       		.byte	64
 907 036e 74       		.byte	116
 908 036f 04       		.byte	4
 909 0370 88       		.byte	-120
 910 0371 40       		.byte	64
 911 0372 A0       		.byte	-96
 912 0373 04       		.byte	4
ARM GAS  C:\Users\hp\AppData\Local\Temp\ccQRZ1N4.s 			page 17


 913 0374 B4       		.byte	-76
 914 0375 04       		.byte	4
 915 0376 B5       		.byte	-75
 916 0377 08       		.byte	8
 917 0378 C4       		.byte	-60
 918 0379 08       		.byte	8
 919 037a DE       		.byte	-34
 920 037b 04       		.byte	4
 921 037c E2       		.byte	-30
 922 037d 01       		.byte	1
 923 037e EC       		.byte	-20
 924 037f 0A       		.byte	10
 925 0380 00       		.byte	0
 926 0381 02       		.byte	2
 927 0382 01       		.byte	1
 928 0383 01       		.byte	1
 929 0384 0C       		.byte	12
 930 0385 02       		.byte	2
 931 0386 0D       		.byte	13
 932 0387 01       		.byte	1
 933 0388 10       		.byte	16
 934 0389 02       		.byte	2
 935 038a 11       		.byte	17
 936 038b 01       		.byte	1
 937 038c 1C       		.byte	28
 938 038d 02       		.byte	2
 939 038e 1D       		.byte	29
 940 038f 01       		.byte	1
 941 0390 00       		.byte	0
 942 0391 03       		.byte	3
 943 0392 00       		.byte	0
 944 0393 00       		.byte	0
 945 0394 80       		.byte	-128
 946 0395 80       		.byte	-128
 947 0396 00       		.byte	0
 948 0397 00       		.byte	0
 949 0398 40       		.byte	64
 950 0399 00       		.byte	0
 951 039a 00       		.byte	0
 952 039b 00       		.byte	0
 953 039c 60       		.byte	96
 954 039d 00       		.byte	0
 955 039e 00       		.byte	0
 956 039f 00       		.byte	0
 957 03a0 61       		.byte	97
 958 03a1 04       		.byte	4
 959 03a2 0E       		.byte	14
 960 03a3 00       		.byte	0
 961 03a4 60       		.byte	96
 962 03a5 00       		.byte	0
 963 03a6 00       		.byte	0
 964 03a7 00       		.byte	0
 965 03a8 00       		.byte	0
 966 03a9 01       		.byte	1
 967 03aa 60       		.byte	96
 968 03ab 00       		.byte	0
 969 03ac 00       		.byte	0
ARM GAS  C:\Users\hp\AppData\Local\Temp\ccQRZ1N4.s 			page 18


 970 03ad 08       		.byte	8
 971 03ae 80       		.byte	-128
 972 03af 00       		.byte	0
 973 03b0 44       		.byte	68
 974 03b1 00       		.byte	0
 975 03b2 11       		.byte	17
 976 03b3 02       		.byte	2
 977 03b4 07       		.byte	7
 978 03b5 02       		.byte	2
 979 03b6 00       		.byte	0
 980 03b7 0C       		.byte	12
 981 03b8 00       		.byte	0
 982 03b9 0E       		.byte	14
 983 03ba 60       		.byte	96
 984 03bb 00       		.byte	0
 985 03bc 00       		.byte	0
 986 03bd 0E       		.byte	14
 987 03be 80       		.byte	-128
 988 03bf 00       		.byte	0
 989 03c0 00       		.byte	0
 990 03c1 00       		.byte	0
 991 03c2 60       		.byte	96
 992 03c3 00       		.byte	0
 993 03c4 07       		.byte	7
 994 03c5 0C       		.byte	12
 995 03c6 00       		.byte	0
 996 03c7 00       		.byte	0
 997 03c8 22       		.byte	34
 998 03c9 0C       		.byte	12
 999 03ca 11       		.byte	17
 1000 03cb 02       		.byte	2
 1001 03cc 80       		.byte	-128
 1002 03cd 0E       		.byte	14
 1003 03ce 07       		.byte	7
 1004 03cf 00       		.byte	0
 1005 03d0 60       		.byte	96
 1006 03d1 01       		.byte	1
 1007 03d2 18       		.byte	24
 1008 03d3 00       		.byte	0
 1009 03d4 00       		.byte	0
 1010 03d5 00       		.byte	0
 1011 03d6 00       		.byte	0
 1012 03d7 00       		.byte	0
 1013 03d8 00       		.byte	0
 1014 03d9 00       		.byte	0
 1015 03da 41       		.byte	65
 1016 03db 10       		.byte	16
 1017 03dc 63       		.byte	99
 1018 03dd 05       		.byte	5
 1019 03de 04       		.byte	4
 1020 03df 00       		.byte	0
 1021 03e0 01       		.byte	1
 1022 03e1 CE       		.byte	-50
 1023 03e2 00       		.byte	0
 1024 03e3 00       		.byte	0
 1025 03e4 03       		.byte	3
 1026 03e5 FF       		.byte	-1
ARM GAS  C:\Users\hp\AppData\Local\Temp\ccQRZ1N4.s 			page 19


 1027 03e6 FF       		.byte	-1
 1028 03e7 FF       		.byte	-1
 1029 03e8 62       		.byte	98
 1030 03e9 A0       		.byte	-96
 1031 03ea F0       		.byte	-16
 1032 03eb 41       		.byte	65
 1033 03ec 0C       		.byte	12
 1034 03ed 00       		.byte	0
 1035 03ee 00       		.byte	0
 1036 03ef 00       		.byte	0
 1037 03f0 01       		.byte	1
 1038 03f1 00       		.byte	0
 1039 03f2 00       		.byte	0
 1040 03f3 00       		.byte	0
 1041 03f4 04       		.byte	4
 1042 03f5 04       		.byte	4
 1043 03f6 04       		.byte	4
 1044 03f7 04       		.byte	4
 1045 03f8 11       		.byte	17
 1046 03f9 11       		.byte	17
 1047 03fa 00       		.byte	0
 1048 03fb 01       		.byte	1
 1049 03fc 00       		.byte	0
 1050 03fd 00       		.byte	0
 1051 03fe 00       		.byte	0
 1052 03ff 00       		.byte	0
 1053 0400 00       		.byte	0
 1054 0401 00       		.byte	0
 1055 0402 40       		.byte	64
 1056 0403 02       		.byte	2
 1057 0404 00       		.byte	0
 1058 0405 10       		.byte	16
 1059 0406 30       		.byte	48
 1060 0407 10       		.byte	16
 1061 0408 00       		.byte	0
 1062 0409 10       		.byte	16
 1063 040a 10       		.byte	16
 1064 040b 12       		.byte	18
 1065 040c 00       		.byte	0
 1066 040d 00       		.byte	0
 1067 040e 00       		.byte	0
 1068 040f 00       		.byte	0
 1069 0410 00       		.byte	0
 1070 0411 00       		.byte	0
 1071 0412 00       		.byte	0
 1072 0413 00       		.byte	0
 1073 0414 00       		.byte	0
 1074 0415 00       		.byte	0
 1075 0416 00       		.byte	0
 1076 0417 00       		.byte	0
 1077 0418 00       		.byte	0
 1078 0419 00       		.byte	0
 1079 041a 00       		.byte	0
 1080 041b 00       		.byte	0
 1081 041c 00       		.byte	0
 1082 041d 00       		.byte	0
 1083 041e 00       		.byte	0
ARM GAS  C:\Users\hp\AppData\Local\Temp\ccQRZ1N4.s 			page 20


 1084 041f 00       		.byte	0
 1085 0420 00       		.byte	0
 1086 0421 00       		.byte	0
 1087 0422 08       		.byte	8
 1088 0423 00       		.byte	0
 1089 0424 80       		.byte	-128
 1090 0425 00       		.byte	0
 1091 0426 40       		.byte	64
 1092 0427 80       		.byte	-128
 1093 0428 80       		.byte	-128
 1094 0429 00       		.byte	0
 1095 042a 80       		.byte	-128
 1096 042b 00       		.byte	0
 1097 042c 00       		.byte	0
 1098 042d 00       		.byte	0
 1099 042e 00       		.byte	0
 1100 042f 00       		.byte	0
 1101 0430 00       		.byte	0
 1102 0431 0B       		.byte	11
 1103 0432 0B       		.byte	11
 1104 0433 00       		.byte	0
 1105 0434 00       		.byte	0
 1106 0435 00       		.byte	0
 1107 0436 C0       		.byte	-64
 1108 0437 00       		.byte	0
 1109 0438 03       		.byte	3
 1110 0439 00       		.byte	0
 1111 043a 18       		.byte	24
 1112 043b 01       		.byte	1
 1113              		.section	.cywolatch,"a",%progbits
 1114              		.align	2
 1115              		.type	cy_meta_wonvl, %object
 1116              		.size	cy_meta_wonvl, 4
 1117              	cy_meta_wonvl:
 1118 0000 BC       		.byte	-68
 1119 0001 90       		.byte	-112
 1120 0002 AC       		.byte	-84
 1121 0003 AF       		.byte	-81
 1122              		.section	.cycustnvl,"a",%progbits
 1123              		.align	2
 1124              		.type	cy_meta_custnvl, %object
 1125              		.size	cy_meta_custnvl, 4
 1126              	cy_meta_custnvl:
 1127 0000 00       		.byte	0
 1128 0001 00       		.byte	0
 1129 0002 40       		.byte	64
 1130 0003 05       		.byte	5
 1131              		.section	.cymeta,"a",%progbits
 1132              		.align	2
 1133              		.type	cy_metadata, %object
 1134              		.size	cy_metadata, 12
 1135              	cy_metadata:
 1136 0000 00       		.byte	0
 1137 0001 01       		.byte	1
 1138 0002 2E       		.byte	46
 1139 0003 16       		.byte	22
 1140 0004 10       		.byte	16
ARM GAS  C:\Users\hp\AppData\Local\Temp\ccQRZ1N4.s 			page 21


 1141 0005 69       		.byte	105
 1142 0006 00       		.byte	0
 1143 0007 01       		.byte	1
 1144 0008 00       		.byte	0
 1145 0009 00       		.byte	0
 1146 000a 00       		.byte	0
 1147 000b 00       		.byte	0
 1148              		.section	.cyflashprotect,"a",%progbits
 1149              		.align	2
 1150              		.type	cy_meta_flashprotect, %object
 1151              		.size	cy_meta_flashprotect, 256
 1152              	cy_meta_flashprotect:
 1153 0000 00000000 		.space	256
 1153      00000000 
 1153      00000000 
 1153      00000000 
 1153      00000000 
 1154              		.text
 1155              	.Letext0:
 1156              		.file 1 "c:\\program files (x86)\\cypress\\psoc creator\\4.1\\psoc creator\\import\\gnu\\arm\\5.4.
 1157              		.file 2 "c:\\program files (x86)\\cypress\\psoc creator\\4.1\\psoc creator\\import\\gnu\\arm\\5.4.
 1158              		.file 3 "Generated_Source\\PSoC5\\cymetadata.c"
 1159              		.section	.debug_info,"",%progbits
 1160              	.Ldebug_info0:
 1161 0000 31010000 		.4byte	0x131
 1162 0004 0400     		.2byte	0x4
 1163 0006 00000000 		.4byte	.Ldebug_abbrev0
 1164 000a 04       		.byte	0x4
 1165 000b 01       		.uleb128 0x1
 1166 000c 24000000 		.4byte	.LASF17
 1167 0010 0C       		.byte	0xc
 1168 0011 C0010000 		.4byte	.LASF18
 1169 0015 72010000 		.4byte	.LASF19
 1170 0019 00000000 		.4byte	.Ldebug_line0
 1171 001d 02       		.uleb128 0x2
 1172 001e 01       		.byte	0x1
 1173 001f 06       		.byte	0x6
 1174 0020 B4010000 		.4byte	.LASF0
 1175 0024 03       		.uleb128 0x3
 1176 0025 00000000 		.4byte	.LASF9
 1177 0029 01       		.byte	0x1
 1178 002a 1D       		.byte	0x1d
 1179 002b 2F000000 		.4byte	0x2f
 1180 002f 02       		.uleb128 0x2
 1181 0030 01       		.byte	0x1
 1182 0031 08       		.byte	0x8
 1183 0032 16000000 		.4byte	.LASF1
 1184 0036 02       		.uleb128 0x2
 1185 0037 02       		.byte	0x2
 1186 0038 05       		.byte	0x5
 1187 0039 5F010000 		.4byte	.LASF2
 1188 003d 02       		.uleb128 0x2
 1189 003e 02       		.byte	0x2
 1190 003f 07       		.byte	0x7
 1191 0040 C4000000 		.4byte	.LASF3
 1192 0044 02       		.uleb128 0x2
 1193 0045 04       		.byte	0x4
ARM GAS  C:\Users\hp\AppData\Local\Temp\ccQRZ1N4.s 			page 22


 1194 0046 05       		.byte	0x5
 1195 0047 69010000 		.4byte	.LASF4
 1196 004b 02       		.uleb128 0x2
 1197 004c 04       		.byte	0x4
 1198 004d 07       		.byte	0x7
 1199 004e B2000000 		.4byte	.LASF5
 1200 0052 02       		.uleb128 0x2
 1201 0053 08       		.byte	0x8
 1202 0054 05       		.byte	0x5
 1203 0055 51010000 		.4byte	.LASF6
 1204 0059 02       		.uleb128 0x2
 1205 005a 08       		.byte	0x8
 1206 005b 07       		.byte	0x7
 1207 005c 06010000 		.4byte	.LASF7
 1208 0060 04       		.uleb128 0x4
 1209 0061 04       		.byte	0x4
 1210 0062 05       		.byte	0x5
 1211 0063 696E7400 		.ascii	"int\000"
 1212 0067 02       		.uleb128 0x2
 1213 0068 04       		.byte	0x4
 1214 0069 07       		.byte	0x7
 1215 006a F9000000 		.4byte	.LASF8
 1216 006e 03       		.uleb128 0x3
 1217 006f 1D010000 		.4byte	.LASF10
 1218 0073 02       		.byte	0x2
 1219 0074 18       		.byte	0x18
 1220 0075 24000000 		.4byte	0x24
 1221 0079 05       		.uleb128 0x5
 1222 007a 91000000 		.4byte	0x91
 1223 007e 8A000000 		.4byte	0x8a
 1224 0082 06       		.uleb128 0x6
 1225 0083 8A000000 		.4byte	0x8a
 1226 0087 3B04     		.2byte	0x43b
 1227 0089 00       		.byte	0
 1228 008a 02       		.uleb128 0x2
 1229 008b 04       		.byte	0x4
 1230 008c 07       		.byte	0x7
 1231 008d 48010000 		.4byte	.LASF11
 1232 0091 07       		.uleb128 0x7
 1233 0092 6E000000 		.4byte	0x6e
 1234 0096 08       		.uleb128 0x8
 1235 0097 E7000000 		.4byte	.LASF12
 1236 009b 03       		.byte	0x3
 1237 009c 1F       		.byte	0x1f
 1238 009d A7000000 		.4byte	0xa7
 1239 00a1 05       		.uleb128 0x5
 1240 00a2 03       		.byte	0x3
 1241 00a3 00000000 		.4byte	cy_meta_configecc
 1242 00a7 07       		.uleb128 0x7
 1243 00a8 79000000 		.4byte	0x79
 1244 00ac 05       		.uleb128 0x5
 1245 00ad 91000000 		.4byte	0x91
 1246 00b1 BC000000 		.4byte	0xbc
 1247 00b5 09       		.uleb128 0x9
 1248 00b6 8A000000 		.4byte	0x8a
 1249 00ba 03       		.byte	0x3
 1250 00bb 00       		.byte	0
ARM GAS  C:\Users\hp\AppData\Local\Temp\ccQRZ1N4.s 			page 23


 1251 00bc 08       		.uleb128 0x8
 1252 00bd D7000000 		.4byte	.LASF13
 1253 00c1 03       		.byte	0x3
 1254 00c2 B4       		.byte	0xb4
 1255 00c3 CD000000 		.4byte	0xcd
 1256 00c7 05       		.uleb128 0x5
 1257 00c8 03       		.byte	0x3
 1258 00c9 00000000 		.4byte	cy_meta_custnvl
 1259 00cd 07       		.uleb128 0x7
 1260 00ce AC000000 		.4byte	0xac
 1261 00d2 08       		.uleb128 0x8
 1262 00d3 3A010000 		.4byte	.LASF14
 1263 00d7 03       		.byte	0x3
 1264 00d8 C2       		.byte	0xc2
 1265 00d9 E3000000 		.4byte	0xe3
 1266 00dd 05       		.uleb128 0x5
 1267 00de 03       		.byte	0x3
 1268 00df 00000000 		.4byte	cy_meta_wonvl
 1269 00e3 07       		.uleb128 0x7
 1270 00e4 AC000000 		.4byte	0xac
 1271 00e8 05       		.uleb128 0x5
 1272 00e9 91000000 		.4byte	0x91
 1273 00ed F8000000 		.4byte	0xf8
 1274 00f1 09       		.uleb128 0x9
 1275 00f2 8A000000 		.4byte	0x8a
 1276 00f6 FF       		.byte	0xff
 1277 00f7 00       		.byte	0
 1278 00f8 08       		.uleb128 0x8
 1279 00f9 25010000 		.4byte	.LASF15
 1280 00fd 03       		.byte	0x3
 1281 00fe D0       		.byte	0xd0
 1282 00ff 09010000 		.4byte	0x109
 1283 0103 05       		.uleb128 0x5
 1284 0104 03       		.byte	0x3
 1285 0105 00000000 		.4byte	cy_meta_flashprotect
 1286 0109 07       		.uleb128 0x7
 1287 010a E8000000 		.4byte	0xe8
 1288 010e 05       		.uleb128 0x5
 1289 010f 91000000 		.4byte	0x91
 1290 0113 1E010000 		.4byte	0x11e
 1291 0117 09       		.uleb128 0x9
 1292 0118 8A000000 		.4byte	0x8a
 1293 011c 0B       		.byte	0xb
 1294 011d 00       		.byte	0
 1295 011e 08       		.uleb128 0x8
 1296 011f 0A000000 		.4byte	.LASF16
 1297 0123 03       		.byte	0x3
 1298 0124 FD       		.byte	0xfd
 1299 0125 2F010000 		.4byte	0x12f
 1300 0129 05       		.uleb128 0x5
 1301 012a 03       		.byte	0x3
 1302 012b 00000000 		.4byte	cy_metadata
 1303 012f 07       		.uleb128 0x7
 1304 0130 0E010000 		.4byte	0x10e
 1305 0134 00       		.byte	0
 1306              		.section	.debug_abbrev,"",%progbits
 1307              	.Ldebug_abbrev0:
ARM GAS  C:\Users\hp\AppData\Local\Temp\ccQRZ1N4.s 			page 24


 1308 0000 01       		.uleb128 0x1
 1309 0001 11       		.uleb128 0x11
 1310 0002 01       		.byte	0x1
 1311 0003 25       		.uleb128 0x25
 1312 0004 0E       		.uleb128 0xe
 1313 0005 13       		.uleb128 0x13
 1314 0006 0B       		.uleb128 0xb
 1315 0007 03       		.uleb128 0x3
 1316 0008 0E       		.uleb128 0xe
 1317 0009 1B       		.uleb128 0x1b
 1318 000a 0E       		.uleb128 0xe
 1319 000b 10       		.uleb128 0x10
 1320 000c 17       		.uleb128 0x17
 1321 000d 00       		.byte	0
 1322 000e 00       		.byte	0
 1323 000f 02       		.uleb128 0x2
 1324 0010 24       		.uleb128 0x24
 1325 0011 00       		.byte	0
 1326 0012 0B       		.uleb128 0xb
 1327 0013 0B       		.uleb128 0xb
 1328 0014 3E       		.uleb128 0x3e
 1329 0015 0B       		.uleb128 0xb
 1330 0016 03       		.uleb128 0x3
 1331 0017 0E       		.uleb128 0xe
 1332 0018 00       		.byte	0
 1333 0019 00       		.byte	0
 1334 001a 03       		.uleb128 0x3
 1335 001b 16       		.uleb128 0x16
 1336 001c 00       		.byte	0
 1337 001d 03       		.uleb128 0x3
 1338 001e 0E       		.uleb128 0xe
 1339 001f 3A       		.uleb128 0x3a
 1340 0020 0B       		.uleb128 0xb
 1341 0021 3B       		.uleb128 0x3b
 1342 0022 0B       		.uleb128 0xb
 1343 0023 49       		.uleb128 0x49
 1344 0024 13       		.uleb128 0x13
 1345 0025 00       		.byte	0
 1346 0026 00       		.byte	0
 1347 0027 04       		.uleb128 0x4
 1348 0028 24       		.uleb128 0x24
 1349 0029 00       		.byte	0
 1350 002a 0B       		.uleb128 0xb
 1351 002b 0B       		.uleb128 0xb
 1352 002c 3E       		.uleb128 0x3e
 1353 002d 0B       		.uleb128 0xb
 1354 002e 03       		.uleb128 0x3
 1355 002f 08       		.uleb128 0x8
 1356 0030 00       		.byte	0
 1357 0031 00       		.byte	0
 1358 0032 05       		.uleb128 0x5
 1359 0033 01       		.uleb128 0x1
 1360 0034 01       		.byte	0x1
 1361 0035 49       		.uleb128 0x49
 1362 0036 13       		.uleb128 0x13
 1363 0037 01       		.uleb128 0x1
 1364 0038 13       		.uleb128 0x13
ARM GAS  C:\Users\hp\AppData\Local\Temp\ccQRZ1N4.s 			page 25


 1365 0039 00       		.byte	0
 1366 003a 00       		.byte	0
 1367 003b 06       		.uleb128 0x6
 1368 003c 21       		.uleb128 0x21
 1369 003d 00       		.byte	0
 1370 003e 49       		.uleb128 0x49
 1371 003f 13       		.uleb128 0x13
 1372 0040 2F       		.uleb128 0x2f
 1373 0041 05       		.uleb128 0x5
 1374 0042 00       		.byte	0
 1375 0043 00       		.byte	0
 1376 0044 07       		.uleb128 0x7
 1377 0045 26       		.uleb128 0x26
 1378 0046 00       		.byte	0
 1379 0047 49       		.uleb128 0x49
 1380 0048 13       		.uleb128 0x13
 1381 0049 00       		.byte	0
 1382 004a 00       		.byte	0
 1383 004b 08       		.uleb128 0x8
 1384 004c 34       		.uleb128 0x34
 1385 004d 00       		.byte	0
 1386 004e 03       		.uleb128 0x3
 1387 004f 0E       		.uleb128 0xe
 1388 0050 3A       		.uleb128 0x3a
 1389 0051 0B       		.uleb128 0xb
 1390 0052 3B       		.uleb128 0x3b
 1391 0053 0B       		.uleb128 0xb
 1392 0054 49       		.uleb128 0x49
 1393 0055 13       		.uleb128 0x13
 1394 0056 3F       		.uleb128 0x3f
 1395 0057 19       		.uleb128 0x19
 1396 0058 02       		.uleb128 0x2
 1397 0059 18       		.uleb128 0x18
 1398 005a 00       		.byte	0
 1399 005b 00       		.byte	0
 1400 005c 09       		.uleb128 0x9
 1401 005d 21       		.uleb128 0x21
 1402 005e 00       		.byte	0
 1403 005f 49       		.uleb128 0x49
 1404 0060 13       		.uleb128 0x13
 1405 0061 2F       		.uleb128 0x2f
 1406 0062 0B       		.uleb128 0xb
 1407 0063 00       		.byte	0
 1408 0064 00       		.byte	0
 1409 0065 00       		.byte	0
 1410              		.section	.debug_aranges,"",%progbits
 1411 0000 14000000 		.4byte	0x14
 1412 0004 0200     		.2byte	0x2
 1413 0006 00000000 		.4byte	.Ldebug_info0
 1414 000a 04       		.byte	0x4
 1415 000b 00       		.byte	0
 1416 000c 0000     		.2byte	0
 1417 000e 0000     		.2byte	0
 1418 0010 00000000 		.4byte	0
 1419 0014 00000000 		.4byte	0
 1420              		.section	.debug_line,"",%progbits
 1421              	.Ldebug_line0:
ARM GAS  C:\Users\hp\AppData\Local\Temp\ccQRZ1N4.s 			page 26


 1422 0000 3D010000 		.section	.debug_str,"MS",%progbits,1
 1422      02003701 
 1422      00000201 
 1422      FB0E0D00 
 1422      01010101 
 1423              	.LASF9:
 1424 0000 5F5F7569 		.ascii	"__uint8_t\000"
 1424      6E74385F 
 1424      7400
 1425              	.LASF16:
 1426 000a 63795F6D 		.ascii	"cy_metadata\000"
 1426      65746164 
 1426      61746100 
 1427              	.LASF1:
 1428 0016 756E7369 		.ascii	"unsigned char\000"
 1428      676E6564 
 1428      20636861 
 1428      7200
 1429              	.LASF17:
 1430 0024 474E5520 		.ascii	"GNU C11 5.4.1 20160609 (release) [ARM/embedded-5-br"
 1430      43313120 
 1430      352E342E 
 1430      31203230 
 1430      31363036 
 1431 0057 616E6368 		.ascii	"anch revision 237715] -mcpu=cortex-m3 -mthumb -g -O"
 1431      20726576 
 1431      6973696F 
 1431      6E203233 
 1431      37373135 
 1432 008a 67202D66 		.ascii	"g -ffunction-sections -ffat-lto-objects\000"
 1432      66756E63 
 1432      74696F6E 
 1432      2D736563 
 1432      74696F6E 
 1433              	.LASF5:
 1434 00b2 6C6F6E67 		.ascii	"long unsigned int\000"
 1434      20756E73 
 1434      69676E65 
 1434      6420696E 
 1434      7400
 1435              	.LASF3:
 1436 00c4 73686F72 		.ascii	"short unsigned int\000"
 1436      7420756E 
 1436      7369676E 
 1436      65642069 
 1436      6E7400
 1437              	.LASF13:
 1438 00d7 63795F6D 		.ascii	"cy_meta_custnvl\000"
 1438      6574615F 
 1438      63757374 
 1438      6E766C00 
 1439              	.LASF12:
 1440 00e7 63795F6D 		.ascii	"cy_meta_configecc\000"
 1440      6574615F 
 1440      636F6E66 
 1440      69676563 
 1440      6300
ARM GAS  C:\Users\hp\AppData\Local\Temp\ccQRZ1N4.s 			page 27


 1441              	.LASF8:
 1442 00f9 756E7369 		.ascii	"unsigned int\000"
 1442      676E6564 
 1442      20696E74 
 1442      00
 1443              	.LASF7:
 1444 0106 6C6F6E67 		.ascii	"long long unsigned int\000"
 1444      206C6F6E 
 1444      6720756E 
 1444      7369676E 
 1444      65642069 
 1445              	.LASF10:
 1446 011d 75696E74 		.ascii	"uint8_t\000"
 1446      385F7400 
 1447              	.LASF15:
 1448 0125 63795F6D 		.ascii	"cy_meta_flashprotect\000"
 1448      6574615F 
 1448      666C6173 
 1448      6870726F 
 1448      74656374 
 1449              	.LASF14:
 1450 013a 63795F6D 		.ascii	"cy_meta_wonvl\000"
 1450      6574615F 
 1450      776F6E76 
 1450      6C00
 1451              	.LASF11:
 1452 0148 73697A65 		.ascii	"sizetype\000"
 1452      74797065 
 1452      00
 1453              	.LASF6:
 1454 0151 6C6F6E67 		.ascii	"long long int\000"
 1454      206C6F6E 
 1454      6720696E 
 1454      7400
 1455              	.LASF2:
 1456 015f 73686F72 		.ascii	"short int\000"
 1456      7420696E 
 1456      7400
 1457              	.LASF4:
 1458 0169 6C6F6E67 		.ascii	"long int\000"
 1458      20696E74 
 1458      00
 1459              	.LASF19:
 1460 0172 433A5C41 		.ascii	"C:\\Ari\\Rocketry\\Porpellent testing code\\PSOC\\D"
 1460      72695C52 
 1460      6F636B65 
 1460      7472795C 
 1460      506F7270 
 1461 01a0 53204144 		.ascii	"S ADC to UART.cydsn\000"
 1461      4320746F 
 1461      20554152 
 1461      542E6379 
 1461      64736E00 
 1462              	.LASF0:
 1463 01b4 7369676E 		.ascii	"signed char\000"
 1463      65642063 
 1463      68617200 
ARM GAS  C:\Users\hp\AppData\Local\Temp\ccQRZ1N4.s 			page 28


 1464              	.LASF18:
 1465 01c0 47656E65 		.ascii	"Generated_Source\\PSoC5\\cymetadata.c\000"
 1465      72617465 
 1465      645F536F 
 1465      75726365 
 1465      5C50536F 
 1466              		.ident	"GCC: (GNU Tools for ARM Embedded Processors) 5.4.1 20160609 (release) [ARM/embedded-5-bran
